<?xml version="1.0" encoding="UTF-8"?>
<!-- Generated by org.testng.reporters.JUnitXMLReporter -->
<testsuite ignored="8" hostname="Godzilla-ASUSDesktop" failures="0" tests="3" name="Regression" time="177.534" errors="0" timestamp="2023-09-21T11:21:29 MDT">
  <testcase classname="com.WebShopDemoProject.TestCases.CreatePurchaseOrder_DDTC1" name="CreatePurchaseOrder_Test" time="67.519"/>
  <testcase classname="com.WebShopDemoProject.TestCases.CreatePurchaseOrder_DDTC1" name="CreatePurchaseOrder_Test" time="68.836"/>
  <testcase classname="com.WebShopDemoProject.TestCases.AccountCreation_TC" name="registerNewAccount_Test" time="27.213"/>
  <testcase classname="com.WebShopDemoProject.TestCases.LoginPage_DDTC" name="loginTest" time="0.0">
    <ignored/>
  </testcase> <!-- loginTest -->
  <testcase classname="com.WebShopDemoProject.TestCases.LandingPage_TC" name="verifyWebShopWebPageTitle_Test" time="0.0">
    <ignored/>
  </testcase> <!-- verifyWebShopWebPageTitle_Test -->
  <testcase classname="com.WebShopDemoProject.TestCases.HomePage_TC" name="wishListlabelvalidatecontent_Test" time="0.0">
    <ignored/>
  </testcase> <!-- wishListlabelvalidatecontent_Test -->
  <testcase classname="com.WebShopDemoProject.TestCases.HomePage_TC" name="getWishListlabel_Test" time="0.0">
    <ignored/>
  </testcase> <!-- getWishListlabel_Test -->
  <testcase classname="com.WebShopDemoProject.TestCases.CreatePurchaseOrder_TC" name="CreatePurchaseOrder_Test" time="0.0">
    <ignored/>
  </testcase> <!-- CreatePurchaseOrder_Test -->
  <testcase classname="com.WebShopDemoProject.TestCases.HomePage_TC" name="wishListValidation_Test" time="0.0">
    <ignored/>
  </testcase> <!-- wishListValidation_Test -->
  <testcase classname="com.WebShopDemoProject.TestCases.SearchResultPage_TC" name="searchForProduct_Test" time="0.0">
    <ignored/>
  </testcase> <!-- searchForProduct_Test -->
  <testcase classname="com.WebShopDemoProject.TestCases.LandingPage_TC" name="verifyWebShopLogo_Test" time="0.0">
    <ignored/>
  </testcase> <!-- verifyWebShopLogo_Test -->
</testsuite> <!-- Regression -->
