<?xml version="1.0" encoding="UTF-8"?>
<!-- Generated by org.testng.reporters.JUnitXMLReporter -->
<testsuite ignored="6" hostname="Godzilla-ASUSDesktop" failures="0" tests="11" name="Test" time="315.783" errors="0" timestamp="2023-09-19T09:02:46 MDT">
  <testcase classname="com.WebShopDemo.TestCases.SearchResultPage_TC" name="searchForProduct" time="1.755"/>
  <testcase classname="com.WebShopDemo.TestCases.LoginPage_TC" name="loginTest" time="22.939"/>
  <testcase classname="com.WebShopDemo.TestCases.CreatePurchaseOrder_TC" name="CreatePurchaseOrder_Test" time="69.303"/>
  <testcase classname="com.WebShopDemo.TestCases.HomePage_TC" name="getWishListlabel" time="3.532"/>
  <testcase classname="com.WebShopDemo.TestCases.HomePage_TC" name="wishListValidation_Test" time="3.633"/>
  <testcase classname="com.WebShopDemo.TestCases.HomePage_TC" name="wishListlabelvalidatecontent" time="3.493"/>
  <testcase classname="com.WebShopDemo.TestCases.CreatePurchaseOrder_DDTC1" name="CreatePurchaseOrder_Test" time="69.4"/>
  <testcase classname="com.WebShopDemo.TestCases.CreatePurchaseOrder_DDTC1" name="CreatePurchaseOrder_Test" time="68.371"/>
  <testcase classname="com.WebShopDemo.TestCases.AccountCreation_TC" name="registerNewAccountTest" time="27.088"/>
  <testcase classname="com.WebShopDemo.TestCases.LandingPage_TC" name="verifyWebShopLogo_Test" time="0.04"/>
  <testcase classname="com.WebShopDemo.TestCases.LandingPage_TC" name="verifyWebShopWebPageTitle_Test" time="0.003"/>
  <testcase classname="com.WebShopDemo.base.BaseClass" name="@BeforeSuite loadConfig" time="0.0">
    <ignored/>
  </testcase> <!-- @BeforeSuite loadConfig -->
  <testcase classname="com.WebShopDemo.base.BaseClass" name="@BeforeSuite loadConfig" time="0.0">
    <ignored/>
  </testcase> <!-- @BeforeSuite loadConfig -->
  <testcase classname="com.WebShopDemo.base.BaseClass" name="@BeforeSuite loadConfig" time="0.0">
    <ignored/>
  </testcase> <!-- @BeforeSuite loadConfig -->
  <testcase classname="com.WebShopDemo.base.BaseClass" name="@BeforeSuite loadConfig" time="0.0">
    <ignored/>
  </testcase> <!-- @BeforeSuite loadConfig -->
  <testcase classname="com.WebShopDemo.base.BaseClass" name="@BeforeSuite loadConfig" time="0.0">
    <ignored/>
  </testcase> <!-- @BeforeSuite loadConfig -->
  <testcase classname="com.WebShopDemo.base.BaseClass" name="@BeforeSuite loadConfig" time="0.0">
    <ignored/>
  </testcase> <!-- @BeforeSuite loadConfig -->
</testsuite> <!-- Test -->
